Build target 'demo'
compiling main.c...
main.c(8): error:  #5: cannot open source input file "dht11.h": No such file or directory
  #include "dht11.h"
main.c: 0 warnings, 1 error
compiling MFRC522.c...
compiling sys.c...
compiling delay.c...
compiling beep.c...
compiling oled.c...
compiling misc.c...
compiling stm32f4xx_adc.c...
compiling stm32f4xx_exti.c...
compiling stm32f4xx_flash.c...
compiling stm32f4xx_gpio.c...
compiling stm32f4xx_iwdg.c...
compiling stm32f4xx_pwr.c...
compiling stm32f4xx_rcc.c...
compiling stm32f4xx_rtc.c...
compiling stm32f4xx_spi.c...
compiling stm32f4xx_syscfg.c...
compiling stm32f4xx_tim.c...
compiling stm32f4xx_usart.c...
assembling startup_stm32f40_41xxx.s...
compiling system_stm32f4xx.c...
".\Objects\demo.axf" - 1 Error(s), 0 Warning(s).
Target not created.
